<?xml version="1.0" encoding="UTF-8"?>
<!-- Generated by org.testng.reporters.JUnitReportReporter -->
<testsuite hostname="DESKTOP-LER94VG" failures="0" tests="1" name="InstabugTests.InvalidUsers" time="4.342" errors="0" timestamp="2024-07-05T13:42:58 EEST" skipped="0">
  <testcase classname="InstabugTests.InvalidUsers" name="InvalidUsernameValidPassword" time="4.342"/>
  <system-out/>
</testsuite> <!-- InstabugTests.InvalidUsers -->
