<?xml version="1.0" encoding="UTF-8"?>
<!-- Generated by org.testng.reporters.JUnitReportReporter -->
<testsuite hostname="DESKTOP-LER94VG" failures="0" tests="3" name="Streams" time="0.065" errors="0" timestamp="2024-06-29T20:55:06 EEST" skipped="0">
  <testcase classname="Streams" name="LengthwithStreams" time="0.048"/>
  <system-out/>
  <testcase classname="Streams" name="withStreams" time="0.004"/>
  <system-out/>
  <testcase classname="Streams" name="withoutStreams" time="0.013"/>
  <system-out/>
</testsuite> <!-- Streams -->
