<?xml version="1.0" encoding="UTF-8"?>
<!-- Generated by org.testng.reporters.JUnitReportReporter -->
<testsuite hostname="DESKTOP-LER94VG" failures="0" tests="6" name="InstabugTests.InvalidLogins" time="25.344" errors="0" timestamp="2024-07-05T16:13:36 EEST" skipped="0">
  <testcase classname="InstabugTests.InvalidLogins" name="InvalidUsernameValidPassword" time="3.948"/>
  <system-out/>
  <testcase classname="InstabugTests.InvalidLogins" name="ValidUsernameInvalidPassword" time="3.916"/>
  <system-out/>
  <testcase classname="InstabugTests.InvalidLogins" name="EmptyUsernameValidPassword" time="5.987"/>
  <system-out/>
  <testcase classname="InstabugTests.InvalidLogins" name="ValidUsernameEmptyPassword" time="4.049"/>
  <system-out/>
  <testcase classname="InstabugTests.InvalidLogins" name="UsernameEqualsValidPassword" time="4.029"/>
  <system-out/>
  <testcase classname="InstabugTests.InvalidLogins" name="PasswordEqualsValidUsername" time="3.415"/>
  <system-out/>
</testsuite> <!-- InstabugTests.InvalidLogins -->
